2022-07-14 15:50:39.949  INFO 32252 --- [restartedMain] c.U.a.MiniProUserManagementApplication   : Starting MiniProUserManagementApplication using Java 17.0.2 on LAPTOP-A35KOD9B with PID 32252 (D:\DURGESH\backend project spring boot\MiniProUserManagement\target\classes started by Lenovo in D:\DURGESH\backend project spring boot\MiniProUserManagement)
2022-07-14 15:50:39.950  INFO 32252 --- [restartedMain] c.U.a.MiniProUserManagementApplication   : No active profile set, falling back to 1 default profile: "default"
2022-07-14 15:50:39.992  INFO 32252 --- [restartedMain] .e.DevToolsPropertyDefaultsPostProcessor : Devtools property defaults active! Set 'spring.devtools.add-properties' to 'false' to disable
2022-07-14 15:50:39.992  INFO 32252 --- [restartedMain] .e.DevToolsPropertyDefaultsPostProcessor : For additional web related logging consider setting the 'logging.level.web' property to 'DEBUG'
2022-07-14 15:50:40.669  INFO 32252 --- [restartedMain] .s.d.r.c.RepositoryConfigurationDelegate : Bootstrapping Spring Data JPA repositories in DEFAULT mode.
2022-07-14 15:50:40.724  INFO 32252 --- [restartedMain] .s.d.r.c.RepositoryConfigurationDelegate : Finished Spring Data repository scanning in 47 ms. Found 4 JPA repository interfaces.
2022-07-14 15:50:41.246  INFO 32252 --- [restartedMain] o.s.b.w.embedded.tomcat.TomcatWebServer  : Tomcat initialized with port(s): 9090 (http)
2022-07-14 15:50:41.255  INFO 32252 --- [restartedMain] o.apache.catalina.core.StandardService   : Starting service [Tomcat]
2022-07-14 15:50:41.255  INFO 32252 --- [restartedMain] org.apache.catalina.core.StandardEngine  : Starting Servlet engine: [Apache Tomcat/9.0.64]
2022-07-14 15:50:41.337  INFO 32252 --- [restartedMain] o.a.c.c.C.[Tomcat].[localhost].[/]       : Initializing Spring embedded WebApplicationContext
2022-07-14 15:50:41.337  INFO 32252 --- [restartedMain] w.s.c.ServletWebServerApplicationContext : Root WebApplicationContext: initialization completed in 1344 ms
2022-07-14 15:50:41.493  INFO 32252 --- [restartedMain] o.hibernate.jpa.internal.util.LogHelper  : HHH000204: Processing PersistenceUnitInfo [name: default]
2022-07-14 15:50:41.553  INFO 32252 --- [restartedMain] org.hibernate.Version                    : HHH000412: Hibernate ORM core version 5.6.9.Final
2022-07-14 15:50:41.724  INFO 32252 --- [restartedMain] o.hibernate.annotations.common.Version   : HCANN000001: Hibernate Commons Annotations {5.1.2.Final}
2022-07-14 15:50:41.815  INFO 32252 --- [restartedMain] com.zaxxer.hikari.HikariDataSource       : HikariPool-1 - Starting...
2022-07-14 15:50:42.104  INFO 32252 --- [restartedMain] com.zaxxer.hikari.HikariDataSource       : HikariPool-1 - Start completed.
2022-07-14 15:50:42.123  INFO 32252 --- [restartedMain] org.hibernate.dialect.Dialect            : HHH000400: Using dialect: org.hibernate.dialect.MySQL5Dialect
2022-07-14 15:50:42.755  INFO 32252 --- [restartedMain] o.h.e.t.j.p.i.JtaPlatformInitiator       : HHH000490: Using JtaPlatform implementation: [org.hibernate.engine.transaction.jta.platform.internal.NoJtaPlatform]
2022-07-14 15:50:42.762  INFO 32252 --- [restartedMain] j.LocalContainerEntityManagerFactoryBean : Initialized JPA EntityManagerFactory for persistence unit 'default'
2022-07-14 15:50:43.292  WARN 32252 --- [restartedMain] JpaBaseConfiguration$JpaWebConfiguration : spring.jpa.open-in-view is enabled by default. Therefore, database queries may be performed during view rendering. Explicitly configure spring.jpa.open-in-view to disable this warning
2022-07-14 15:50:43.416  INFO 32252 --- [restartedMain] pertySourcedRequestMappingHandlerMapping : Mapped URL path [/v2/api-docs] onto method [springfox.documentation.swagger2.web.Swagger2Controller#getDocumentation(String, HttpServletRequest)]
2022-07-14 15:50:43.531  INFO 32252 --- [restartedMain] o.s.b.d.a.OptionalLiveReloadServer       : LiveReload server is running on port 35729
2022-07-14 15:50:43.836  INFO 32252 --- [restartedMain] o.s.b.w.embedded.tomcat.TomcatWebServer  : Tomcat started on port(s): 9090 (http) with context path ''
2022-07-14 15:50:43.837  INFO 32252 --- [restartedMain] d.s.w.p.DocumentationPluginsBootstrapper : Context refreshed
2022-07-14 15:50:43.850  INFO 32252 --- [restartedMain] d.s.w.p.DocumentationPluginsBootstrapper : Found 1 custom documentation plugin(s)
2022-07-14 15:50:43.868  INFO 32252 --- [restartedMain] s.d.s.w.s.ApiListingReferenceScanner     : Scanning for api listing references
2022-07-14 15:50:43.883  INFO 32252 --- [restartedMain] c.U.a.MiniProUserManagementApplication   : Started MiniProUserManagementApplication in 4.259 seconds (JVM running for 5.078)
2022-07-14 16:23:21.111  INFO 26272 --- [restartedMain] c.U.a.MiniProUserManagementApplication   : Starting MiniProUserManagementApplication using Java 17.0.2 on LAPTOP-A35KOD9B with PID 26272 (D:\DURGESH\backend project spring boot\MiniProUserManagement\target\classes started by Lenovo in D:\DURGESH\backend project spring boot\MiniProUserManagement)
2022-07-14 16:23:21.112  INFO 26272 --- [restartedMain] c.U.a.MiniProUserManagementApplication   : No active profile set, falling back to 1 default profile: "default"
2022-07-14 16:23:21.148  INFO 26272 --- [restartedMain] .e.DevToolsPropertyDefaultsPostProcessor : Devtools property defaults active! Set 'spring.devtools.add-properties' to 'false' to disable
2022-07-14 16:23:21.148  INFO 26272 --- [restartedMain] .e.DevToolsPropertyDefaultsPostProcessor : For additional web related logging consider setting the 'logging.level.web' property to 'DEBUG'
2022-07-14 16:23:21.726  INFO 26272 --- [restartedMain] .s.d.r.c.RepositoryConfigurationDelegate : Bootstrapping Spring Data JPA repositories in DEFAULT mode.
2022-07-14 16:23:21.766  INFO 26272 --- [restartedMain] .s.d.r.c.RepositoryConfigurationDelegate : Finished Spring Data repository scanning in 33 ms. Found 4 JPA repository interfaces.
2022-07-14 16:23:22.194  INFO 26272 --- [restartedMain] o.s.b.w.embedded.tomcat.TomcatWebServer  : Tomcat initialized with port(s): 9090 (http)
2022-07-14 16:23:22.201  INFO 26272 --- [restartedMain] o.apache.catalina.core.StandardService   : Starting service [Tomcat]
2022-07-14 16:23:22.202  INFO 26272 --- [restartedMain] org.apache.catalina.core.StandardEngine  : Starting Servlet engine: [Apache Tomcat/9.0.64]
2022-07-14 16:23:22.277  INFO 26272 --- [restartedMain] o.a.c.c.C.[Tomcat].[localhost].[/]       : Initializing Spring embedded WebApplicationContext
2022-07-14 16:23:22.277  INFO 26272 --- [restartedMain] w.s.c.ServletWebServerApplicationContext : Root WebApplicationContext: initialization completed in 1128 ms
2022-07-14 16:23:22.416  INFO 26272 --- [restartedMain] o.hibernate.jpa.internal.util.LogHelper  : HHH000204: Processing PersistenceUnitInfo [name: default]
2022-07-14 16:23:22.450  INFO 26272 --- [restartedMain] org.hibernate.Version                    : HHH000412: Hibernate ORM core version 5.6.9.Final
2022-07-14 16:23:22.571  INFO 26272 --- [restartedMain] o.hibernate.annotations.common.Version   : HCANN000001: Hibernate Commons Annotations {5.1.2.Final}
2022-07-14 16:23:22.643  INFO 26272 --- [restartedMain] com.zaxxer.hikari.HikariDataSource       : HikariPool-1 - Starting...
2022-07-14 16:23:22.923  INFO 26272 --- [restartedMain] com.zaxxer.hikari.HikariDataSource       : HikariPool-1 - Start completed.
2022-07-14 16:23:22.935  INFO 26272 --- [restartedMain] org.hibernate.dialect.Dialect            : HHH000400: Using dialect: org.hibernate.dialect.MySQL5Dialect
2022-07-14 16:23:23.490  INFO 26272 --- [restartedMain] o.h.e.t.j.p.i.JtaPlatformInitiator       : HHH000490: Using JtaPlatform implementation: [org.hibernate.engine.transaction.jta.platform.internal.NoJtaPlatform]
2022-07-14 16:23:23.500  INFO 26272 --- [restartedMain] j.LocalContainerEntityManagerFactoryBean : Initialized JPA EntityManagerFactory for persistence unit 'default'
2022-07-14 16:23:23.944  WARN 26272 --- [restartedMain] JpaBaseConfiguration$JpaWebConfiguration : spring.jpa.open-in-view is enabled by default. Therefore, database queries may be performed during view rendering. Explicitly configure spring.jpa.open-in-view to disable this warning
2022-07-14 16:23:24.058  INFO 26272 --- [restartedMain] pertySourcedRequestMappingHandlerMapping : Mapped URL path [/v2/api-docs] onto method [springfox.documentation.swagger2.web.Swagger2Controller#getDocumentation(String, HttpServletRequest)]
2022-07-14 16:23:24.160  WARN 26272 --- [restartedMain] o.s.b.d.a.OptionalLiveReloadServer       : Unable to start LiveReload server
2022-07-14 16:23:24.283  WARN 26272 --- [restartedMain] ConfigServletWebServerApplicationContext : Exception encountered during context initialization - cancelling refresh attempt: org.springframework.context.ApplicationContextException: Failed to start bean 'webServerStartStop'; nested exception is org.springframework.boot.web.server.PortInUseException: Port 9090 is already in use
2022-07-14 16:23:24.287  INFO 26272 --- [restartedMain] j.LocalContainerEntityManagerFactoryBean : Closing JPA EntityManagerFactory for persistence unit 'default'
2022-07-14 16:23:24.289  INFO 26272 --- [restartedMain] com.zaxxer.hikari.HikariDataSource       : HikariPool-1 - Shutdown initiated...
2022-07-14 16:23:24.295  INFO 26272 --- [restartedMain] com.zaxxer.hikari.HikariDataSource       : HikariPool-1 - Shutdown completed.
2022-07-14 16:23:24.298  INFO 26272 --- [restartedMain] o.apache.catalina.core.StandardService   : Stopping service [Tomcat]
2022-07-14 16:23:24.306  INFO 26272 --- [restartedMain] ConditionEvaluationReportLoggingListener : 

Error starting ApplicationContext. To display the conditions report re-run your application with 'debug' enabled.
2022-07-14 16:23:24.321 ERROR 26272 --- [restartedMain] o.s.b.d.LoggingFailureAnalysisReporter   : 

***************************
APPLICATION FAILED TO START
***************************

Description:

Web server failed to start. Port 9090 was already in use.

Action:

Identify and stop the process that's listening on port 9090 or configure this application to listen on another port.

2022-07-14 16:24:42.857  INFO 32252 --- [http-nio-9090-exec-1] o.a.c.c.C.[Tomcat].[localhost].[/]       : Initializing Spring DispatcherServlet 'dispatcherServlet'
2022-07-14 16:24:42.858  INFO 32252 --- [http-nio-9090-exec-1] o.s.web.servlet.DispatcherServlet        : Initializing Servlet 'dispatcherServlet'
2022-07-14 16:24:42.860  INFO 32252 --- [http-nio-9090-exec-1] o.s.web.servlet.DispatcherServlet        : Completed initialization in 2 ms
2022-07-14 16:26:53.774  INFO 32252 --- [Thread-4] j.LocalContainerEntityManagerFactoryBean : Closing JPA EntityManagerFactory for persistence unit 'default'
2022-07-14 16:26:53.776  INFO 32252 --- [Thread-4] com.zaxxer.hikari.HikariDataSource       : HikariPool-1 - Shutdown initiated...
2022-07-14 16:26:53.781  INFO 32252 --- [Thread-4] com.zaxxer.hikari.HikariDataSource       : HikariPool-1 - Shutdown completed.
2022-07-14 16:26:53.831  INFO 32252 --- [restartedMain] c.U.a.MiniProUserManagementApplication   : Starting MiniProUserManagementApplication using Java 17.0.2 on LAPTOP-A35KOD9B with PID 32252 (D:\DURGESH\backend project spring boot\MiniProUserManagement\target\classes started by Lenovo in D:\DURGESH\backend project spring boot\MiniProUserManagement)
2022-07-14 16:26:53.831  INFO 32252 --- [restartedMain] c.U.a.MiniProUserManagementApplication   : No active profile set, falling back to 1 default profile: "default"
2022-07-14 16:26:53.998  INFO 32252 --- [restartedMain] .s.d.r.c.RepositoryConfigurationDelegate : Bootstrapping Spring Data JPA repositories in DEFAULT mode.
2022-07-14 16:26:54.007  INFO 32252 --- [restartedMain] .s.d.r.c.RepositoryConfigurationDelegate : Finished Spring Data repository scanning in 9 ms. Found 4 JPA repository interfaces.
2022-07-14 16:26:54.089  INFO 32252 --- [restartedMain] o.s.b.w.embedded.tomcat.TomcatWebServer  : Tomcat initialized with port(s): 9090 (http)
2022-07-14 16:26:54.089  INFO 32252 --- [restartedMain] o.apache.catalina.core.StandardService   : Starting service [Tomcat]
2022-07-14 16:26:54.089  INFO 32252 --- [restartedMain] org.apache.catalina.core.StandardEngine  : Starting Servlet engine: [Apache Tomcat/9.0.64]
2022-07-14 16:26:54.116  INFO 32252 --- [restartedMain] o.a.c.c.C.[Tomcat].[localhost].[/]       : Initializing Spring embedded WebApplicationContext
2022-07-14 16:26:54.116  INFO 32252 --- [restartedMain] w.s.c.ServletWebServerApplicationContext : Root WebApplicationContext: initialization completed in 283 ms
2022-07-14 16:26:54.137  INFO 32252 --- [restartedMain] o.hibernate.jpa.internal.util.LogHelper  : HHH000204: Processing PersistenceUnitInfo [name: default]
2022-07-14 16:26:54.140  INFO 32252 --- [restartedMain] com.zaxxer.hikari.HikariDataSource       : HikariPool-2 - Starting...
2022-07-14 16:26:54.159  INFO 32252 --- [restartedMain] com.zaxxer.hikari.HikariDataSource       : HikariPool-2 - Start completed.
2022-07-14 16:26:54.160  INFO 32252 --- [restartedMain] org.hibernate.dialect.Dialect            : HHH000400: Using dialect: org.hibernate.dialect.MySQL5Dialect
2022-07-14 16:26:54.216  INFO 32252 --- [restartedMain] o.h.e.t.j.p.i.JtaPlatformInitiator       : HHH000490: Using JtaPlatform implementation: [org.hibernate.engine.transaction.jta.platform.internal.NoJtaPlatform]
2022-07-14 16:26:54.216  INFO 32252 --- [restartedMain] j.LocalContainerEntityManagerFactoryBean : Initialized JPA EntityManagerFactory for persistence unit 'default'
2022-07-14 16:26:54.366  WARN 32252 --- [restartedMain] JpaBaseConfiguration$JpaWebConfiguration : spring.jpa.open-in-view is enabled by default. Therefore, database queries may be performed during view rendering. Explicitly configure spring.jpa.open-in-view to disable this warning
2022-07-14 16:26:54.397  INFO 32252 --- [restartedMain] pertySourcedRequestMappingHandlerMapping : Mapped URL path [/v2/api-docs] onto method [springfox.documentation.swagger2.web.Swagger2Controller#getDocumentation(String, HttpServletRequest)]
2022-07-14 16:26:54.437  INFO 32252 --- [restartedMain] o.s.b.d.a.OptionalLiveReloadServer       : LiveReload server is running on port 35729
2022-07-14 16:26:54.479  INFO 32252 --- [restartedMain] o.s.b.w.embedded.tomcat.TomcatWebServer  : Tomcat started on port(s): 9090 (http) with context path ''
2022-07-14 16:26:54.479  INFO 32252 --- [restartedMain] d.s.w.p.DocumentationPluginsBootstrapper : Context refreshed
2022-07-14 16:26:54.480  INFO 32252 --- [restartedMain] d.s.w.p.DocumentationPluginsBootstrapper : Found 1 custom documentation plugin(s)
2022-07-14 16:26:54.486  INFO 32252 --- [restartedMain] s.d.s.w.s.ApiListingReferenceScanner     : Scanning for api listing references
2022-07-14 16:26:54.569  INFO 32252 --- [restartedMain] c.U.a.MiniProUserManagementApplication   : Started MiniProUserManagementApplication in 0.755 seconds (JVM running for 2175.763)
2022-07-14 16:26:54.570  INFO 32252 --- [restartedMain] .ConditionEvaluationDeltaLoggingListener : Condition evaluation unchanged
2022-07-14 16:27:04.179  INFO 32252 --- [http-nio-9090-exec-1] o.a.c.c.C.[Tomcat].[localhost].[/]       : Initializing Spring DispatcherServlet 'dispatcherServlet'
2022-07-14 16:27:04.180  INFO 32252 --- [http-nio-9090-exec-1] o.s.web.servlet.DispatcherServlet        : Initializing Servlet 'dispatcherServlet'
2022-07-14 16:27:04.182  INFO 32252 --- [http-nio-9090-exec-1] o.s.web.servlet.DispatcherServlet        : Completed initialization in 2 ms
2022-07-14 16:43:59.898  WARN 32252 --- [HikariPool-2 housekeeper] com.zaxxer.hikari.pool.HikariPool        : HikariPool-2 - Thread starvation or clock leap detected (housekeeper delta=1m35s389ms952µs400ns).
2022-07-14 16:50:52.418  WARN 32252 --- [http-nio-9090-exec-8] .w.s.m.s.DefaultHandlerExceptionResolver : Resolved [org.springframework.http.converter.HttpMessageNotReadableException: JSON parse error: Invalid numeric value: Leading zeroes not allowed; nested exception is com.fasterxml.jackson.core.JsonParseException: Invalid numeric value: Leading zeroes not allowed<EOL> at [Source: (org.springframework.util.StreamUtils$NonClosingInputStream); line: 10, column: 11]]
2022-07-14 16:52:03.391  WARN 32252 --- [http-nio-9090-exec-2] .w.s.m.s.DefaultHandlerExceptionResolver : Resolved [org.springframework.http.converter.HttpMessageNotReadableException: JSON parse error: Invalid numeric value: Leading zeroes not allowed; nested exception is com.fasterxml.jackson.core.JsonParseException: Invalid numeric value: Leading zeroes not allowed<EOL> at [Source: (org.springframework.util.StreamUtils$NonClosingInputStream); line: 10, column: 11]]
2022-07-14 16:55:05.813  INFO 32252 --- [RMI TCP Connection(76)-127.0.0.1] inMXBeanRegistrar$SpringApplicationAdmin : Application shutdown requested.
2022-07-14 16:55:05.831  INFO 32252 --- [RMI TCP Connection(76)-127.0.0.1] j.LocalContainerEntityManagerFactoryBean : Closing JPA EntityManagerFactory for persistence unit 'default'
2022-07-14 16:55:05.833  INFO 32252 --- [RMI TCP Connection(76)-127.0.0.1] com.zaxxer.hikari.HikariDataSource       : HikariPool-2 - Shutdown initiated...
2022-07-14 16:55:05.843  INFO 32252 --- [RMI TCP Connection(76)-127.0.0.1] com.zaxxer.hikari.HikariDataSource       : HikariPool-2 - Shutdown completed.
